{"/home/dgcuenca/Microverse/Proyects/Shinhyo/To-do-list/src/Jsmodules/Features.js": {"path":"/home/dgcuenca/Microverse/Proyects/Shinhyo/To-do-list/src/Jsmodules/Features.js","statementMap":{"0":{"start":{"line":4,"column":18},"end":{"line":4,"column":20}},"1":{"start":{"line":5,"column":19},"end":{"line":12,"column":1}},"2":{"start":{"line":6,"column":16},"end":{"line":6,"column":47}},"3":{"start":{"line":7,"column":2},"end":{"line":7,"column":33}},"4":{"start":{"line":7,"column":26},"end":{"line":7,"column":33}},"5":{"start":{"line":8,"column":18},"end":{"line":8,"column":52}},"6":{"start":{"line":9,"column":2},"end":{"line":9,"column":19}},"7":{"start":{"line":10,"column":2},"end":{"line":10,"column":28}},"8":{"start":{"line":11,"column":2},"end":{"line":11,"column":27}},"9":{"start":{"line":14,"column":22},"end":{"line":21,"column":1}},"10":{"start":{"line":15,"column":13},"end":{"line":15,"column":32}},"11":{"start":{"line":16,"column":2},"end":{"line":16,"column":79}},"12":{"start":{"line":16,"column":45},"end":{"line":16,"column":77}},"13":{"start":{"line":17,"column":2},"end":{"line":19,"column":3}},"14":{"start":{"line":17,"column":15},"end":{"line":17,"column":16}},"15":{"start":{"line":18,"column":4},"end":{"line":18,"column":29}},"16":{"start":{"line":20,"column":2},"end":{"line":20,"column":27}},"17":{"start":{"line":23,"column":27},"end":{"line":26,"column":1}},"18":{"start":{"line":24,"column":2},"end":{"line":24,"column":40}},"19":{"start":{"line":25,"column":2},"end":{"line":25,"column":27}},"20":{"start":{"line":28,"column":33},"end":{"line":34,"column":1}},"21":{"start":{"line":29,"column":2},"end":{"line":29,"column":70}},"22":{"start":{"line":29,"column":45},"end":{"line":29,"column":68}},"23":{"start":{"line":30,"column":2},"end":{"line":32,"column":3}},"24":{"start":{"line":30,"column":15},"end":{"line":30,"column":16}},"25":{"start":{"line":31,"column":4},"end":{"line":31,"column":29}},"26":{"start":{"line":33,"column":2},"end":{"line":33,"column":27}},"27":{"start":{"line":36,"column":25},"end":{"line":43,"column":1}},"28":{"start":{"line":37,"column":2},"end":{"line":41,"column":3}},"29":{"start":{"line":38,"column":4},"end":{"line":38,"column":37}},"30":{"start":{"line":40,"column":4},"end":{"line":40,"column":38}},"31":{"start":{"line":42,"column":2},"end":{"line":42,"column":27}},"32":{"start":{"line":45,"column":0},"end":{"line":51,"column":3}},"33":{"start":{"line":46,"column":2},"end":{"line":46,"column":59}},"34":{"start":{"line":46,"column":52},"end":{"line":46,"column":59}},"35":{"start":{"line":47,"column":2},"end":{"line":47,"column":64}},"36":{"start":{"line":48,"column":20},"end":{"line":48,"column":56}},"37":{"start":{"line":49,"column":2},"end":{"line":49,"column":58}},"38":{"start":{"line":50,"column":2},"end":{"line":50,"column":27}},"39":{"start":{"line":60,"column":0},"end":{"line":63,"column":1}}},"fnMap":{"0":{"name":"(anonymous_0)","decl":{"start":{"line":5,"column":19},"end":{"line":5,"column":20}},"loc":{"start":{"line":5,"column":25},"end":{"line":12,"column":1}},"line":5},"1":{"name":"(anonymous_1)","decl":{"start":{"line":14,"column":22},"end":{"line":14,"column":23}},"loc":{"start":{"line":14,"column":33},"end":{"line":21,"column":1}},"line":14},"2":{"name":"(anonymous_2)","decl":{"start":{"line":16,"column":35},"end":{"line":16,"column":36}},"loc":{"start":{"line":16,"column":45},"end":{"line":16,"column":77}},"line":16},"3":{"name":"(anonymous_3)","decl":{"start":{"line":23,"column":27},"end":{"line":23,"column":28}},"loc":{"start":{"line":23,"column":44},"end":{"line":26,"column":1}},"line":23},"4":{"name":"(anonymous_4)","decl":{"start":{"line":28,"column":33},"end":{"line":28,"column":34}},"loc":{"start":{"line":28,"column":39},"end":{"line":34,"column":1}},"line":28},"5":{"name":"(anonymous_5)","decl":{"start":{"line":29,"column":35},"end":{"line":29,"column":36}},"loc":{"start":{"line":29,"column":45},"end":{"line":29,"column":68}},"line":29},"6":{"name":"(anonymous_6)","decl":{"start":{"line":36,"column":25},"end":{"line":36,"column":26}},"loc":{"start":{"line":36,"column":33},"end":{"line":43,"column":1}},"line":36},"7":{"name":"(anonymous_7)","decl":{"start":{"line":45,"column":32},"end":{"line":45,"column":33}},"loc":{"start":{"line":45,"column":38},"end":{"line":51,"column":1}},"line":45}},"branchMap":{"0":{"loc":{"start":{"line":7,"column":2},"end":{"line":7,"column":33}},"type":"if","locations":[{"start":{"line":7,"column":2},"end":{"line":7,"column":33}},{"start":{},"end":{}}],"line":7},"1":{"loc":{"start":{"line":37,"column":2},"end":{"line":41,"column":3}},"type":"if","locations":[{"start":{"line":37,"column":2},"end":{"line":41,"column":3}},{"start":{"line":39,"column":9},"end":{"line":41,"column":3}}],"line":37},"2":{"loc":{"start":{"line":46,"column":2},"end":{"line":46,"column":59}},"type":"if","locations":[{"start":{"line":46,"column":2},"end":{"line":46,"column":59}},{"start":{},"end":{}}],"line":46}},"s":{"0":1,"1":1,"2":1,"3":1,"4":0,"5":1,"6":1,"7":1,"8":1,"9":1,"10":1,"11":1,"12":1,"13":1,"14":1,"15":0,"16":1,"17":1,"18":0,"19":0,"20":1,"21":0,"22":0,"23":0,"24":0,"25":0,"26":0,"27":1,"28":0,"29":0,"30":0,"31":0,"32":1,"33":0,"34":0,"35":0,"36":0,"37":0,"38":0,"39":1},"f":{"0":1,"1":1,"2":1,"3":0,"4":0,"5":0,"6":0,"7":0},"b":{"0":[0,1],"1":[0,0],"2":[0,0]},"_coverageSchema":"1a1c01bbd47fc00a2c39e90264f33305004495a9","hash":"283e6383ebc77e12ff6cbfff638fb8e26860b979"}
,"/home/dgcuenca/Microverse/Proyects/Shinhyo/To-do-list/src/Jsmodules/Task.js": {"path":"/home/dgcuenca/Microverse/Proyects/Shinhyo/To-do-list/src/Jsmodules/Task.js","statementMap":{"0":{"start":{"line":3,"column":4},"end":{"line":3,"column":35}},"1":{"start":{"line":4,"column":4},"end":{"line":4,"column":27}},"2":{"start":{"line":5,"column":4},"end":{"line":5,"column":35}}},"fnMap":{"0":{"name":"(anonymous_0)","decl":{"start":{"line":2,"column":2},"end":{"line":2,"column":3}},"loc":{"start":{"line":2,"column":39},"end":{"line":6,"column":3}},"line":2}},"branchMap":{},"s":{"0":1,"1":1,"2":1},"f":{"0":1},"b":{},"_coverageSchema":"1a1c01bbd47fc00a2c39e90264f33305004495a9","hash":"3d7ebeb8ca5cbb87522332b35f68fc87b83d0b34"}
,"/home/dgcuenca/Microverse/Proyects/Shinhyo/To-do-list/src/Jsmodules/displayList.js": {"path":"/home/dgcuenca/Microverse/Proyects/Shinhyo/To-do-list/src/Jsmodules/displayList.js","statementMap":{"0":{"start":{"line":3,"column":20},"end":{"line":40,"column":1}},"1":{"start":{"line":4,"column":28},"end":{"line":4,"column":72}},"2":{"start":{"line":5,"column":2},"end":{"line":5,"column":61}},"3":{"start":{"line":6,"column":2},"end":{"line":6,"column":35}},"4":{"start":{"line":7,"column":23},"end":{"line":7,"column":44}},"5":{"start":{"line":8,"column":16},"end":{"line":8,"column":17}},"6":{"start":{"line":9,"column":10},"end":{"line":9,"column":11}},"7":{"start":{"line":10,"column":2},"end":{"line":38,"column":3}},"8":{"start":{"line":11,"column":4},"end":{"line":13,"column":5}},"9":{"start":{"line":12,"column":6},"end":{"line":12,"column":12}},"10":{"start":{"line":14,"column":4},"end":{"line":36,"column":5}},"11":{"start":{"line":15,"column":6},"end":{"line":19,"column":7}},"12":{"start":{"line":16,"column":8},"end":{"line":16,"column":65}},"13":{"start":{"line":18,"column":8},"end":{"line":18,"column":47}},"14":{"start":{"line":20,"column":27},"end":{"line":33,"column":7}},"15":{"start":{"line":34,"column":6},"end":{"line":34,"column":50}},"16":{"start":{"line":35,"column":6},"end":{"line":35,"column":19}},"17":{"start":{"line":37,"column":4},"end":{"line":37,"column":11}},"18":{"start":{"line":39,"column":2},"end":{"line":39,"column":16}}},"fnMap":{"0":{"name":"(anonymous_0)","decl":{"start":{"line":3,"column":20},"end":{"line":3,"column":21}},"loc":{"start":{"line":3,"column":31},"end":{"line":40,"column":1}},"line":3}},"branchMap":{"0":{"loc":{"start":{"line":11,"column":4},"end":{"line":13,"column":5}},"type":"if","locations":[{"start":{"line":11,"column":4},"end":{"line":13,"column":5}},{"start":{},"end":{}}],"line":11},"1":{"loc":{"start":{"line":14,"column":4},"end":{"line":36,"column":5}},"type":"if","locations":[{"start":{"line":14,"column":4},"end":{"line":36,"column":5}},{"start":{},"end":{}}],"line":14},"2":{"loc":{"start":{"line":15,"column":6},"end":{"line":19,"column":7}},"type":"if","locations":[{"start":{"line":15,"column":6},"end":{"line":19,"column":7}},{"start":{"line":17,"column":13},"end":{"line":19,"column":7}}],"line":15}},"s":{"0":1,"1":2,"2":2,"3":2,"4":2,"5":2,"6":2,"7":2,"8":1,"9":0,"10":1,"11":1,"12":0,"13":1,"14":1,"15":1,"16":1,"17":1,"18":2},"f":{"0":2},"b":{"0":[0,1],"1":[1,0],"2":[0,1]},"_coverageSchema":"1a1c01bbd47fc00a2c39e90264f33305004495a9","hash":"0a3aa194679694ee424054c79a514ab314f4fb5d"}
,"/home/dgcuenca/Microverse/Proyects/Shinhyo/To-do-list/src/Jsmodules/updateEvent.js": {"path":"/home/dgcuenca/Microverse/Proyects/Shinhyo/To-do-list/src/Jsmodules/updateEvent.js","statementMap":{"0":{"start":{"line":3,"column":20},"end":{"line":40,"column":1}},"1":{"start":{"line":5,"column":22},"end":{"line":5,"column":52}},"2":{"start":{"line":6,"column":19},"end":{"line":6,"column":57}},"3":{"start":{"line":7,"column":2},"end":{"line":12,"column":5}},"4":{"start":{"line":8,"column":4},"end":{"line":11,"column":7}},"5":{"start":{"line":9,"column":21},"end":{"line":9,"column":55}},"6":{"start":{"line":10,"column":6},"end":{"line":10,"column":20}},"7":{"start":{"line":14,"column":15},"end":{"line":14,"column":49}},"8":{"start":{"line":15,"column":2},"end":{"line":23,"column":5}},"9":{"start":{"line":16,"column":4},"end":{"line":22,"column":7}},"10":{"start":{"line":17,"column":21},"end":{"line":17,"column":33}},"11":{"start":{"line":18,"column":6},"end":{"line":18,"column":65}},"12":{"start":{"line":18,"column":58},"end":{"line":18,"column":65}},"13":{"start":{"line":19,"column":6},"end":{"line":19,"column":42}},"14":{"start":{"line":20,"column":6},"end":{"line":20,"column":53}},"15":{"start":{"line":21,"column":6},"end":{"line":21,"column":54}},"16":{"start":{"line":25,"column":21},"end":{"line":25,"column":59}},"17":{"start":{"line":26,"column":2},"end":{"line":31,"column":5}},"18":{"start":{"line":27,"column":4},"end":{"line":30,"column":7}},"19":{"start":{"line":28,"column":21},"end":{"line":28,"column":44}},"20":{"start":{"line":29,"column":6},"end":{"line":29,"column":17}},"21":{"start":{"line":33,"column":2},"end":{"line":39,"column":5}},"22":{"start":{"line":34,"column":4},"end":{"line":38,"column":7}},"23":{"start":{"line":35,"column":21},"end":{"line":35,"column":55}},"24":{"start":{"line":36,"column":19},"end":{"line":36,"column":43}},"25":{"start":{"line":37,"column":6},"end":{"line":37,"column":28}}},"fnMap":{"0":{"name":"(anonymous_0)","decl":{"start":{"line":3,"column":20},"end":{"line":3,"column":21}},"loc":{"start":{"line":3,"column":26},"end":{"line":40,"column":1}},"line":3},"1":{"name":"(anonymous_1)","decl":{"start":{"line":7,"column":19},"end":{"line":7,"column":20}},"loc":{"start":{"line":7,"column":28},"end":{"line":12,"column":3}},"line":7},"2":{"name":"(anonymous_2)","decl":{"start":{"line":8,"column":35},"end":{"line":8,"column":36}},"loc":{"start":{"line":8,"column":46},"end":{"line":11,"column":5}},"line":8},"3":{"name":"(anonymous_3)","decl":{"start":{"line":15,"column":15},"end":{"line":15,"column":16}},"loc":{"start":{"line":15,"column":32},"end":{"line":23,"column":3}},"line":15},"4":{"name":"(anonymous_4)","decl":{"start":{"line":16,"column":42},"end":{"line":16,"column":43}},"loc":{"start":{"line":16,"column":53},"end":{"line":22,"column":5}},"line":16},"5":{"name":"(anonymous_5)","decl":{"start":{"line":26,"column":21},"end":{"line":26,"column":22}},"loc":{"start":{"line":26,"column":31},"end":{"line":31,"column":3}},"line":26},"6":{"name":"(anonymous_6)","decl":{"start":{"line":27,"column":35},"end":{"line":27,"column":36}},"loc":{"start":{"line":27,"column":46},"end":{"line":30,"column":5}},"line":27},"7":{"name":"(anonymous_7)","decl":{"start":{"line":33,"column":22},"end":{"line":33,"column":23}},"loc":{"start":{"line":33,"column":36},"end":{"line":39,"column":3}},"line":33},"8":{"name":"(anonymous_8)","decl":{"start":{"line":34,"column":38},"end":{"line":34,"column":39}},"loc":{"start":{"line":34,"column":49},"end":{"line":38,"column":5}},"line":34}},"branchMap":{"0":{"loc":{"start":{"line":18,"column":6},"end":{"line":18,"column":65}},"type":"if","locations":[{"start":{"line":18,"column":6},"end":{"line":18,"column":65}},{"start":{},"end":{}}],"line":18}},"s":{"0":1,"1":2,"2":2,"3":2,"4":1,"5":0,"6":0,"7":2,"8":2,"9":1,"10":0,"11":0,"12":0,"13":0,"14":0,"15":0,"16":2,"17":2,"18":1,"19":0,"20":0,"21":2,"22":1,"23":0,"24":0,"25":0},"f":{"0":2,"1":1,"2":0,"3":1,"4":0,"5":1,"6":0,"7":1,"8":0},"b":{"0":[0,0]},"_coverageSchema":"1a1c01bbd47fc00a2c39e90264f33305004495a9","hash":"283d175a4f7dd0153f597e200e752602f322cfc9"}
}
