TN:
SF:src\Jsmodules\Features.js
FN:5,(anonymous_0)
FN:14,(anonymous_1)
FN:16,(anonymous_2)
FN:23,(anonymous_3)
FN:28,(anonymous_4)
FN:29,(anonymous_5)
FN:36,(anonymous_6)
FN:45,(anonymous_7)
FN:49,(anonymous_8)
FNF:9
FNH:5
FNDA:4,(anonymous_0)
FNDA:3,(anonymous_1)
FNDA:6,(anonymous_2)
FNDA:1,(anonymous_3)
FNDA:0,(anonymous_4)
FNDA:0,(anonymous_5)
FNDA:0,(anonymous_6)
FNDA:1,(anonymous_7)
FNDA:0,(anonymous_8)
DA:4,1
DA:5,1
DA:6,4
DA:7,4
DA:8,4
DA:9,4
DA:10,4
DA:11,4
DA:14,1
DA:15,3
DA:16,6
DA:17,3
DA:18,3
DA:20,3
DA:23,1
DA:24,1
DA:25,1
DA:28,1
DA:29,0
DA:30,0
DA:31,0
DA:33,0
DA:36,1
DA:37,0
DA:38,0
DA:40,0
DA:42,0
DA:45,1
DA:46,1
DA:49,1
DA:50,0
DA:51,0
DA:52,0
DA:53,0
DA:54,0
DA:57,1
LF:36
LH:23
BRDA:7,0,0,0
BRDA:7,0,1,4
BRDA:37,1,0,0
BRDA:37,1,1,0
BRDA:50,2,0,0
BRDA:50,2,1,0
BRF:6
BRH:1
end_of_record
TN:
SF:src\Jsmodules\Task.js
FN:2,(anonymous_0)
FNF:1
FNH:1
FNDA:4,(anonymous_0)
DA:3,4
DA:4,4
DA:5,4
LF:3
LH:3
BRF:0
BRH:0
end_of_record
TN:
SF:src\Jsmodules\displayList.js
FN:3,(anonymous_0)
FNF:1
FNH:1
FNDA:8,(anonymous_0)
DA:3,1
DA:4,8
DA:5,8
DA:6,8
DA:7,8
DA:8,8
DA:9,8
DA:10,8
DA:11,11
DA:12,0
DA:14,11
DA:15,11
DA:16,0
DA:18,11
DA:20,11
DA:34,11
DA:35,11
DA:37,11
DA:39,8
LF:19
LH:17
BRDA:11,0,0,0
BRDA:11,0,1,11
BRDA:14,1,0,11
BRDA:14,1,1,0
BRDA:15,2,0,0
BRDA:15,2,1,11
BRF:6
BRH:3
end_of_record
TN:
SF:src\Jsmodules\updateEvent.js
FN:3,(anonymous_0)
FN:7,(anonymous_1)
FN:8,(anonymous_2)
FN:15,(anonymous_3)
FN:16,(anonymous_4)
FN:26,(anonymous_5)
FN:27,(anonymous_6)
FN:33,(anonymous_7)
FN:34,(anonymous_8)
FNF:9
FNH:5
FNDA:8,(anonymous_0)
FNDA:11,(anonymous_1)
FNDA:0,(anonymous_2)
FNDA:11,(anonymous_3)
FNDA:0,(anonymous_4)
FNDA:11,(anonymous_5)
FNDA:0,(anonymous_6)
FNDA:11,(anonymous_7)
FNDA:0,(anonymous_8)
DA:3,1
DA:5,8
DA:6,8
DA:7,8
DA:8,11
DA:9,0
DA:10,0
DA:14,8
DA:15,8
DA:16,11
DA:17,0
DA:18,0
DA:19,0
DA:20,0
DA:21,0
DA:25,8
DA:26,8
DA:27,11
DA:28,0
DA:29,0
DA:33,8
DA:34,11
DA:35,0
LF:23
LH:13
BRDA:18,0,0,0
BRDA:18,0,1,0
BRF:2
BRH:0
end_of_record
