TN:
SF:src\Jsmodules\Features.js
FN:5,(anonymous_0)
FN:14,(anonymous_1)
FN:16,(anonymous_2)
FN:23,(anonymous_3)
FN:28,(anonymous_4)
FN:29,(anonymous_5)
FN:36,(anonymous_6)
FN:45,(anonymous_7)
FNF:8
FNH:1
FNDA:1,(anonymous_0)
FNDA:0,(anonymous_1)
FNDA:0,(anonymous_2)
FNDA:0,(anonymous_3)
FNDA:0,(anonymous_4)
FNDA:0,(anonymous_5)
FNDA:0,(anonymous_6)
FNDA:0,(anonymous_7)
DA:4,1
DA:5,1
DA:6,1
DA:7,1
DA:8,1
DA:9,1
DA:10,1
DA:11,1
DA:14,1
DA:15,0
DA:16,0
DA:17,0
DA:18,0
DA:20,0
DA:23,1
DA:24,0
DA:25,0
DA:28,1
DA:29,0
DA:30,0
DA:31,0
DA:33,0
DA:36,1
DA:37,0
DA:38,0
DA:40,0
DA:42,0
DA:45,1
DA:46,0
DA:47,0
DA:48,0
DA:49,0
DA:50,0
DA:60,1
LF:34
LH:14
BRDA:7,0,0,0
BRDA:7,0,1,1
BRDA:37,1,0,0
BRDA:37,1,1,0
BRDA:46,2,0,0
BRDA:46,2,1,0
BRF:6
BRH:1
end_of_record
TN:
SF:src\Jsmodules\Task.js
FN:2,(anonymous_0)
FNF:1
FNH:1
FNDA:1,(anonymous_0)
DA:3,1
DA:4,1
DA:5,1
LF:3
LH:3
BRF:0
BRH:0
end_of_record
TN:
SF:src\Jsmodules\displayList.js
FN:3,(anonymous_0)
FNF:1
FNH:1
FNDA:1,(anonymous_0)
DA:3,1
DA:4,1
DA:5,1
DA:6,1
DA:7,1
DA:8,1
DA:9,1
DA:10,1
DA:11,1
DA:12,0
DA:14,1
DA:15,1
DA:16,0
DA:18,1
DA:20,1
DA:34,1
DA:35,1
DA:37,1
DA:39,1
LF:19
LH:17
BRDA:11,0,0,0
BRDA:11,0,1,1
BRDA:14,1,0,1
BRDA:14,1,1,0
BRDA:15,2,0,0
BRDA:15,2,1,1
BRF:6
BRH:3
end_of_record
TN:
SF:src\Jsmodules\updateEvent.js
FN:3,(anonymous_0)
FN:7,(anonymous_1)
FN:8,(anonymous_2)
FN:15,(anonymous_3)
FN:16,(anonymous_4)
FN:26,(anonymous_5)
FN:27,(anonymous_6)
FN:33,(anonymous_7)
FN:34,(anonymous_8)
FNF:9
FNH:5
FNDA:1,(anonymous_0)
FNDA:1,(anonymous_1)
FNDA:0,(anonymous_2)
FNDA:1,(anonymous_3)
FNDA:0,(anonymous_4)
FNDA:1,(anonymous_5)
FNDA:0,(anonymous_6)
FNDA:1,(anonymous_7)
FNDA:0,(anonymous_8)
DA:3,1
DA:5,1
DA:6,1
DA:7,1
DA:8,1
DA:9,0
DA:10,0
DA:14,1
DA:15,1
DA:16,1
DA:17,0
DA:18,0
DA:19,0
DA:20,0
DA:21,0
DA:25,1
DA:26,1
DA:27,1
DA:28,0
DA:29,0
DA:33,1
DA:34,1
DA:35,0
DA:36,0
DA:37,0
LF:25
LH:13
BRDA:18,0,0,0
BRDA:18,0,1,0
BRF:2
BRH:0
end_of_record
